<?xml version="1.0" encoding="UTF-8"?>
<!-- Generated by org.testng.reporters.JUnitReportReporter -->
<testsuite skipped="0" hostname="DESKTOP-ID7FLTM" name="com.PanaMCAutomation.MC_Carrier_Management.ID1305_TC063_Carrier_Cart_Dashboard_gridascending_order" tests="1" failures="0" timestamp="11 Jan 2021 13:30:03 GMT" time="35.710" errors="0">
  <testcase name="testB" time="35.710" classname="com.PanaMCAutomation.MC_Carrier_Management.ID1305_TC063_Carrier_Cart_Dashboard_gridascending_order"/>
</testsuite> <!-- com.PanaMCAutomation.MC_Carrier_Management.ID1305_TC063_Carrier_Cart_Dashboard_gridascending_order -->
