<?xml version="1.0" encoding="UTF-8"?>
<!-- Generated by org.testng.reporters.JUnitReportReporter -->
<testsuite skipped="0" hostname="DESKTOP-ID7FLTM" name="com.PanaMCAutomation.MC_Carrier_Management.ID1287_TC044_Carrier_Dashboard_Carrier_Actions_Shipped_operation" tests="1" failures="0" timestamp="12 Jan 2021 09:08:57 GMT" time="35.852" errors="0">
  <testcase name="testB" time="35.852" classname="com.PanaMCAutomation.MC_Carrier_Management.ID1287_TC044_Carrier_Dashboard_Carrier_Actions_Shipped_operation"/>
</testsuite> <!-- com.PanaMCAutomation.MC_Carrier_Management.ID1287_TC044_Carrier_Dashboard_Carrier_Actions_Shipped_operation -->
