<?xml version="1.0" encoding="UTF-8"?>
<!-- Generated by org.testng.reporters.JUnitReportReporter -->
<testsuite skipped="0" hostname="DESKTOP-ID7FLTM" name="com.PanaMCAutomation.MC_Carrier_Management.ID1306_TC064_Carrier_Cart_Dashboard_griddescending_order" tests="1" failures="0" timestamp="11 Jan 2021 13:30:03 GMT" time="43.274" errors="0">
  <testcase name="testB" time="43.274" classname="com.PanaMCAutomation.MC_Carrier_Management.ID1306_TC064_Carrier_Cart_Dashboard_griddescending_order"/>
</testsuite> <!-- com.PanaMCAutomation.MC_Carrier_Management.ID1306_TC064_Carrier_Cart_Dashboard_griddescending_order -->
