<?xml version="1.0" encoding="UTF-8"?>
<!-- Generated by org.testng.reporters.JUnitReportReporter -->
<testsuite skipped="0" hostname="DESKTOP-ID7FLTM" name="com.PanaMCAutomation.MC_Carrier_Management.ID1283_1281__TC041_Carrier_Dashboard_Carrier_Actions_Clear_DurablenotShipped" tests="1" failures="0" timestamp="11 Jan 2021 13:30:03 GMT" time="33.231" errors="0">
  <testcase name="testB" time="33.231" classname="com.PanaMCAutomation.MC_Carrier_Management.ID1283_1281__TC041_Carrier_Dashboard_Carrier_Actions_Clear_DurablenotShipped"/>
</testsuite> <!-- com.PanaMCAutomation.MC_Carrier_Management.ID1283_1281__TC041_Carrier_Dashboard_Carrier_Actions_Clear_DurablenotShipped -->
