<?xml version="1.0" encoding="UTF-8"?>
<!-- Generated by org.testng.reporters.JUnitReportReporter -->
<testsuite skipped="0" hostname="DESKTOP-ID7FLTM" name="com.PanaMCAutomation.MC_Carrier_Management.ID1275_TC034_Carrier_Dashboard_Carrier_Actions_Delete_button_enable" tests="1" failures="0" timestamp="11 Jan 2021 13:30:03 GMT" time="25.968" errors="0">
  <testcase name="testB" time="25.968" classname="com.PanaMCAutomation.MC_Carrier_Management.ID1275_TC034_Carrier_Dashboard_Carrier_Actions_Delete_button_enable"/>
</testsuite> <!-- com.PanaMCAutomation.MC_Carrier_Management.ID1275_TC034_Carrier_Dashboard_Carrier_Actions_Delete_button_enable -->
