<?xml version="1.0" encoding="UTF-8"?>
<!-- Generated by org.testng.reporters.JUnitReportReporter -->
<testsuite skipped="0" hostname="DESKTOP-ID7FLTM" name="com.PanaMCAutomation.MC_Carrier_Management.ID1284_TC042_Carrier_Dashboard_Carrier_Actions_Shipped_button" tests="1" failures="0" timestamp="11 Jan 2021 13:30:03 GMT" time="31.697" errors="0">
  <testcase name="testB" time="31.697" classname="com.PanaMCAutomation.MC_Carrier_Management.ID1284_TC042_Carrier_Dashboard_Carrier_Actions_Shipped_button"/>
</testsuite> <!-- com.PanaMCAutomation.MC_Carrier_Management.ID1284_TC042_Carrier_Dashboard_Carrier_Actions_Shipped_button -->
