<?xml version="1.0" encoding="UTF-8"?>
<!-- Generated by org.testng.reporters.JUnitReportReporter -->
<testsuite skipped="0" hostname="DESKTOP-ID7FLTM" name="com.PanaMCAutomation.MC_Carrier_Management.ID1257_TC016_Carrier_Dashboard_Register_New_No_of_required_IDs" tests="1" failures="0" timestamp="11 Jan 2021 13:30:03 GMT" time="28.203" errors="0">
  <testcase name="testB" time="28.203" classname="com.PanaMCAutomation.MC_Carrier_Management.ID1257_TC016_Carrier_Dashboard_Register_New_No_of_required_IDs"/>
</testsuite> <!-- com.PanaMCAutomation.MC_Carrier_Management.ID1257_TC016_Carrier_Dashboard_Register_New_No_of_required_IDs -->
