<?xml version="1.0" encoding="UTF-8"?>
<!-- Generated by org.testng.reporters.JUnitReportReporter -->
<testsuite skipped="0" hostname="DESKTOP-ID7FLTM" name="com.PanaMCAutomation.MC_Carrier_Management.ID1299_TC056_Carrier_Cart_icon_disable_when_no_Carrier_selected" tests="1" failures="0" timestamp="11 Jan 2021 13:30:03 GMT" time="28.514" errors="0">
  <testcase name="testB" time="28.514" classname="com.PanaMCAutomation.MC_Carrier_Management.ID1299_TC056_Carrier_Cart_icon_disable_when_no_Carrier_selected"/>
</testsuite> <!-- com.PanaMCAutomation.MC_Carrier_Management.ID1299_TC056_Carrier_Cart_icon_disable_when_no_Carrier_selected -->
