<?xml version="1.0" encoding="UTF-8"?>
<!-- Generated by org.testng.reporters.JUnitReportReporter -->
<testsuite skipped="0" hostname="DESKTOP-ID7FLTM" name="com.PanaMCAutomation.MC_BVT.MC_VerifyRcCancelButon" tests="1" failures="0" timestamp="05 Jan 2021 11:18:44 GMT" time="29.418" errors="0">
  <testcase name="testB" time="29.418" classname="com.PanaMCAutomation.MC_BVT.MC_VerifyRcCancelButon"/>
</testsuite> <!-- com.PanaMCAutomation.MC_BVT.MC_VerifyRcCancelButon -->
