<?xml version="1.0" encoding="UTF-8"?>
<!-- Generated by org.testng.reporters.JUnitReportReporter -->
<testsuite skipped="0" hostname="DESKTOP-ID7FLTM" name="com.PanaMCAutomation.MC_Carrier_Management.ID1307_TC065_Carrier_Cart_Dashboard_column_search" tests="1" failures="0" timestamp="11 Jan 2021 13:30:03 GMT" time="52.948" errors="0">
  <testcase name="testB" time="52.948" classname="com.PanaMCAutomation.MC_Carrier_Management.ID1307_TC065_Carrier_Cart_Dashboard_column_search"/>
</testsuite> <!-- com.PanaMCAutomation.MC_Carrier_Management.ID1307_TC065_Carrier_Cart_Dashboard_column_search -->
