<?xml version="1.0" encoding="UTF-8"?>
<!-- Generated by org.testng.reporters.JUnitReportReporter -->
<testsuite skipped="0" hostname="DESKTOP-ID7FLTM" name="com.PanaMCAutomation.MC_Carrier_Management.ID1244_TC003_Carrier_Dashboard_Column_Selection_uncheck" tests="1" failures="0" timestamp="11 Jan 2021 13:30:03 GMT" time="32.346" errors="0">
  <testcase name="testB" time="32.346" classname="com.PanaMCAutomation.MC_Carrier_Management.ID1244_TC003_Carrier_Dashboard_Column_Selection_uncheck"/>
</testsuite> <!-- com.PanaMCAutomation.MC_Carrier_Management.ID1244_TC003_Carrier_Dashboard_Column_Selection_uncheck -->
