<?xml version="1.0" encoding="UTF-8"?>
<!-- Generated by org.testng.reporters.JUnitReportReporter -->
<testsuite skipped="0" hostname="DESKTOP-ID7FLTM" name="com.PanaMCAutomation.MC_Carrier_Management.ID1252_TC011_Carrier_Dashboard_page_navigation" tests="1" failures="0" timestamp="11 Jan 2021 16:33:56 GMT" time="60.100" errors="0">
  <testcase name="testB" time="60.100" classname="com.PanaMCAutomation.MC_Carrier_Management.ID1252_TC011_Carrier_Dashboard_page_navigation"/>
</testsuite> <!-- com.PanaMCAutomation.MC_Carrier_Management.ID1252_TC011_Carrier_Dashboard_page_navigation -->
