<?xml version="1.0" encoding="UTF-8"?>
<!-- Generated by org.testng.reporters.JUnitReportReporter -->
<testsuite skipped="0" hostname="DESKTOP-ID7FLTM" name="com.PanaMCAutomation.MC_Carrier_Management.ID1277_TC036_Carrier_Dashboard_Carrier_Actions_Delete_operation_when_content_is_NOT_NULL" tests="1" failures="0" timestamp="12 Jan 2021 08:52:30 GMT" time="37.213" errors="0">
  <testcase name="testB" time="37.213" classname="com.PanaMCAutomation.MC_Carrier_Management.ID1277_TC036_Carrier_Dashboard_Carrier_Actions_Delete_operation_when_content_is_NOT_NULL"/>
</testsuite> <!-- com.PanaMCAutomation.MC_Carrier_Management.ID1277_TC036_Carrier_Dashboard_Carrier_Actions_Delete_operation_when_content_is_NOT_NULL -->
