<?xml version="1.0" encoding="UTF-8"?>
<!-- Generated by org.testng.reporters.JUnitReportReporter -->
<testsuite skipped="0" hostname="DESKTOP-ID7FLTM" name="com.PanaMCAutomation.MC_Carrier_Management.ID1276_1273__TC035_Carrier_Dashboard_Carrier_Actions_Delete_operation" tests="1" failures="0" timestamp="12 Jan 2021 08:50:11 GMT" time="36.338" errors="0">
  <testcase name="testB" time="36.338" classname="com.PanaMCAutomation.MC_Carrier_Management.ID1276_1273__TC035_Carrier_Dashboard_Carrier_Actions_Delete_operation"/>
</testsuite> <!-- com.PanaMCAutomation.MC_Carrier_Management.ID1276_1273__TC035_Carrier_Dashboard_Carrier_Actions_Delete_operation -->
