<?xml version="1.0" encoding="UTF-8"?>
<!-- Generated by org.testng.reporters.JUnitReportReporter -->
<testsuite skipped="0" hostname="DESKTOP-ID7FLTM" name="com.PanaMCAutomation.MC_Carrier_Management.ID1273_TC032_Carrier_Dashboard_Carrier_Actions_Delete_button" tests="1" failures="0" timestamp="12 Jan 2021 08:45:32 GMT" time="34.143" errors="0">
  <testcase name="testB" time="34.143" classname="com.PanaMCAutomation.MC_Carrier_Management.ID1273_TC032_Carrier_Dashboard_Carrier_Actions_Delete_button"/>
</testsuite> <!-- com.PanaMCAutomation.MC_Carrier_Management.ID1273_TC032_Carrier_Dashboard_Carrier_Actions_Delete_button -->
