<?xml version="1.0" encoding="UTF-8"?>
<!-- Generated by org.testng.reporters.JUnitReportReporter -->
<testsuite skipped="0" hostname="DESKTOP-ID7FLTM" name="com.PanaMCAutomation.MC_Carrier_Management.ID1272_TC031_Carrier_Dashboard_Register_New_Print_Queue_Completed_status" tests="1" failures="0" timestamp="11 Jan 2021 13:30:03 GMT" time="25.822" errors="0">
  <testcase name="testB" time="25.822" classname="com.PanaMCAutomation.MC_Carrier_Management.ID1272_TC031_Carrier_Dashboard_Register_New_Print_Queue_Completed_status"/>
</testsuite> <!-- com.PanaMCAutomation.MC_Carrier_Management.ID1272_TC031_Carrier_Dashboard_Register_New_Print_Queue_Completed_status -->
